<?xml version="1.0" encoding="UTF-8"?>
<testng-results total="1" passed="1" failed="0" skipped="0">
  <reporter-output>
  </reporter-output>
  <suite started-at="2022-03-31T21:08:33Z" name="tony.unit.login.PositiveLoginTest" finished-at="2022-03-31T21:08:58Z" duration-ms="24467">
    <groups>
    </groups>
    <test started-at="2022-03-31T21:08:33Z" name="Command line test" finished-at="2022-03-31T21:08:58Z" duration-ms="24467">
      <class name="tony.unit.login.PositiveLoginTest">
        <test-method signature="setUp()[pri:0, instance:tony.unit.login.PositiveLoginTest@75881071]" started-at="2022-03-31T15:08:33Z" name="setUp" finished-at="2022-03-31T15:08:58Z" duration-ms="24451" status="PASS">
          <reporter-output>
          </reporter-output>
        </test-method> <!-- setUp -->
      </class> <!-- tony.unit.login.PositiveLoginTest -->
    </test> <!-- Command line test -->
  </suite> <!-- tony.unit.login.PositiveLoginTest -->
</testng-results>
