<?xml version="1.0" encoding="UTF-8"?>
<testng-results total="1" passed="1" failed="0" skipped="0">
  <reporter-output>
  </reporter-output>
  <suite started-at="2022-04-07T17:25:59Z" name="tony.unit.login.PositiveLoginTest" finished-at="2022-04-07T17:26:15Z" duration-ms="15743">
    <groups>
    </groups>
    <test started-at="2022-04-07T17:25:59Z" name="Command line test" finished-at="2022-04-07T17:26:15Z" duration-ms="15743">
      <class name="tony.unit.login.PositiveLoginTest">
        <test-method signature="setUp()[pri:0, instance:tony.unit.login.PositiveLoginTest@21de60b4]" started-at="2022-04-07T12:25:59Z" name="setUp" finished-at="2022-04-07T12:26:15Z" duration-ms="15713" status="PASS">
          <reporter-output>
          </reporter-output>
        </test-method> <!-- setUp -->
      </class> <!-- tony.unit.login.PositiveLoginTest -->
    </test> <!-- Command line test -->
  </suite> <!-- tony.unit.login.PositiveLoginTest -->
</testng-results>
